<?xml version="1.0" encoding="utf-8"?><testsuites><testsuite name="pytest" errors="0" failures="0" skipped="0" tests="3" time="44.849" timestamp="2024-02-26T11:03:22.793926" hostname="DESKTOP-28JO7N3"><testcase classname="tests.test_E2E.TestOne" name="test_e2e" time="34.619" /><testcase classname="tests.test_HomePage2.TestHomePage2" name="test_formSubmission[getData0]" time="5.460" /><testcase classname="tests.test_HomePage2.TestHomePage2" name="test_formSubmission[getData1]" time="1.079" /></testsuite></testsuites>